 * Serving Flask app 'app'
 * Debug mode: off
============================================================
MULTI-ZONE OPTIMIZATION
============================================================
Zone sayýsý: 5
Root zone: Zone 1 (36 ply)
Sýralama: ['Zone 1 (36 ply)', 'Zone 2 (32 ply)', 'Zone 3 (30 ply)', 'Zone 4 (24 ply)', 'Zone 5 (20 ply)']

BFS drop-off sirasi: ['Zone 2', 'Zone 3', 'Zone 4', 'Zone 5']
Kaynak haritasi: {Zone 2 <- Zone 1, Zone 3 <- Zone 2, Zone 4 <- Zone 3, Zone 5 <- Zone 4}

--- Root Batch 1/4 ---

Root Zone (Zone 1) adaylari uretiliyor...
============================================================
3-PHASE HYBRID OPTIMIZATION (MULTI-RESTART)
============================================================

--- Restart 1/3 ---

Phase 1: Smart Skeleton Construction
  Score: 87.31/100
Phase 2: Multi-Start GA
  Skeleton score: 87.31/100
  Running 5 GA runs in parallel (using 5 threads)
  Run 1/5: Score: 97.42
  Run 3/5: Score: 96.44
  Run 5/5: Score: 96.33
  Run 4/5: Score: 96.87
  Run 2/5: Score: 96.87
  Best across runs: 97.42/100
  Time: 1.93s
Phase 3: Local Search
  Initial score: 97.42, Groupings: 1, Groups of 3: 0
  Converged after 0 iterations (0 improvements)
  Final score: 97.42/100, Final groupings: 1, Final groups of 3: 0
  Time: 0.01s
  Restart 1 result: 97.42/100

--- Restart 2/3 ---

Phase 1: Smart Skeleton Construction
  Score: 91.87/100
Phase 2: Multi-Start GA
  Skeleton score: 91.87/100
  Running 5 GA runs in parallel (using 5 threads)
  Run 2/5: Score: 96.87
  Run 1/5: Score: 96.61
  Run 3/5: Score: 97.42
  Run 4/5: Score: 96.33
  Run 5/5: Score: 96.87
  Best across runs: 97.42/100
  Time: 1.47s
Phase 3: Local Search
  Initial score: 97.42, Groupings: 1, Groups of 3: 0
  Converged after 0 iterations (0 improvements)
  Final score: 97.42/100, Final groupings: 1, Final groups of 3: 0
  Time: 0.01s
  Restart 2 result: 97.42/100

--- Restart 3/3 ---

Phase 1: Smart Skeleton Construction
  Score: 92.00/100
Phase 2: Multi-Start GA
  Skeleton score: 92.00/100
  Running 5 GA runs in parallel (using 5 threads)
  Run 5/5: Score: 97.67
  Run 4/5: Score: 95.77
  Run 2/5: Score: 97.67
  Run 3/5: Score: 96.61
  Run 1/5: Score: 97.42
  Best across runs: 97.67/100
  Time: 2.01s
Phase 3: Local Search
  Initial score: 97.67, Groupings: 1, Groups of 3: 0
  Converged after 0 iterations (0 improvements)
  Final score: 97.67/100, Final groupings: 1, Final groups of 3: 0
  Time: 0.01s
  Restart 3 result: 97.67/100

============================================================
FINAL RESULT: 97.67/100 (in 5.44s, 3 restarts)
============================================================
3 benzersiz root adayi test edilecek. En iyi batch skoru: 97.67/100

Root adayi 1/3 deneniyor (Restart 3, Skor: 97.67/100)

Zone 2 (32 ply) - Zone 1'den drop-off yapýlýyor...
Zone 2 drop-off BAŢARISIZ: Hedef açý sayýlarýna uygun drop kombinasyonu bulunamadý

Root adayi 2/3 deneniyor (Restart 1, Skor: 97.42/100)

Zone 2 (32 ply) - Zone 1'den drop-off yapýlýyor...
Zone 2 drop-off BAŢARISIZ: Hedef açý sayýlarýna uygun drop kombinasyonu bulunamadý

Root adayi 3/3 deneniyor (Restart 2, Skor: 97.42/100)

Zone 2 (32 ply) - Zone 1'den drop-off yapýlýyor...
Zone 2 drop-off BAŢARISIZ: Hedef açý sayýlarýna uygun drop kombinasyonu bulunamadý

Bu batch'teki root adaylari elendi, yeni root batch uretiliyor...

Drop-off baţarýsýz, yeni root batch deneniyor...

--- Root Batch 2/4 ---

Root Zone (Zone 1) adaylari uretiliyor...
============================================================
3-PHASE HYBRID OPTIMIZATION (MULTI-RESTART)
============================================================

--- Restart 1/3 ---

Phase 1: Smart Skeleton Construction
  Score: 90.50/100
Phase 2: Multi-Start GA
  Skeleton score: 90.50/100
  Running 5 GA runs in parallel (using 5 threads)
  Run 1/5: Score: 97.98
  Run 5/5: Score: 97.98
  Run 4/5: Score: 96.61
  Run 2/5: Score: 97.98
  Run 3/5: Score: 97.98
  Best across runs: 97.98/100
  Time: 1.66s
Phase 3: Local Search
  Initial score: 97.98, Groupings: 1, Groups of 3: 0
  Converged after 0 iterations (0 improvements)
  Final score: 97.98/100, Final groupings: 1, Final groups of 3: 0
  Time: 0.01s
  Restart 1 result: 97.98/100

--- Restart 2/3 ---

Phase 1: Smart Skeleton Construction
  Score: 92.42/100
Phase 2: Multi-Start GA
  Skeleton score: 92.42/100
  Running 5 GA runs in parallel (using 5 threads)
  Run 4/5: Score: 95.66
  Run 1/5: Score: 96.44
  Run 2/5: Score: 96.87
  Run 3/5: Score: 96.87
  Run 5/5: Score: 95.40
  Best across runs: 96.87/100
  Time: 1.48s
Phase 3: Local Search
  Initial score: 96.87, Groupings: 1, Groups of 3: 0
  Converged after 0 iterations (0 improvements)
  Final score: 96.87/100, Final groupings: 1, Final groups of 3: 0
  Time: 0.01s
  Restart 2 result: 96.87/100

--- Restart 3/3 ---

Phase 1: Smart Skeleton Construction
  Score: 88.27/100
Phase 2: Multi-Start GA
  Skeleton score: 88.27/100
  Running 5 GA runs in parallel (using 5 threads)
  Run 5/5: Score: 97.67
  Run 2/5: Score: 97.67
  Run 4/5: Score: 97.98
  Run 1/5: Score: 97.67
  Run 3/5: Score: 97.67
  Best across runs: 97.98/100
  Time: 1.65s
Phase 3: Local Search
  Initial score: 97.98, Groupings: 1, Groups of 3: 0
  Converged after 0 iterations (0 improvements)
  Final score: 97.98/100, Final groupings: 1, Final groups of 3: 0
  Time: 0.01s
  Restart 3 result: 97.98/100

============================================================
FINAL RESULT: 97.98/100 (in 4.81s, 3 restarts)
============================================================
3 benzersiz root adayi test edilecek. En iyi batch skoru: 97.98/100

Root adayi 1/3 deneniyor (Restart 1, Skor: 97.98/100)

Zone 2 (32 ply) - Zone 1'den drop-off yapýlýyor...
Zone 2 drop-off BAŢARISIZ: Hedef açý sayýlarýna uygun drop kombinasyonu bulunamadý

Root adayi 2/3 deneniyor (Restart 3, Skor: 97.98/100)

Zone 2 (32 ply) - Zone 1'den drop-off yapýlýyor...
Zone 2 drop-off BAŢARISIZ: Hedef açý sayýlarýna uygun drop kombinasyonu bulunamadý

Root adayi 3/3 deneniyor (Restart 2, Skor: 96.87/100)

Zone 2 (32 ply) - Zone 1'den drop-off yapýlýyor...
Zone 2 skor: 95.17/100

Zone 3 (30 ply) - Zone 2'den drop-off yapýlýyor...
Zone 3 skor: 96.83/100

Zone 4 (24 ply) - Zone 3'den drop-off yapýlýyor...
Zone 4 skor: 86.97/100

Zone 5 (20 ply) - Zone 4'den drop-off yapýlýyor...
Zone 5 skor: 96.85/100

============================================================
MULTI-ZONE OPTIMIZATION TAMAMLANDI
============================================================
============================================================
MULTI-ZONE OPTIMIZATION
============================================================
Zone sayýsý: 5
Root zone: Zone 1 (36 ply)
Sýralama: ['Zone 1 (36 ply)', 'Zone 2 (32 ply)', 'Zone 3 (30 ply)', 'Zone 4 (24 ply)', 'Zone 5 (20 ply)']

BFS drop-off sirasi: ['Zone 2', 'Zone 3', 'Zone 4', 'Zone 5']
Kaynak haritasi: {Zone 2 <- Zone 1, Zone 3 <- Zone 2, Zone 4 <- Zone 3, Zone 5 <- Zone 4}

--- Root Batch 1/4 ---

Root Zone (Zone 1) adaylari uretiliyor...
============================================================
3-PHASE HYBRID OPTIMIZATION (MULTI-RESTART)
============================================================

--- Restart 1/3 ---

Phase 1: Smart Skeleton Construction
  Score: 92.04/100
Phase 2: Multi-Start GA
  Skeleton score: 92.04/100
  Running 5 GA runs in parallel (using 5 threads)
  Run 2/5: Score: 95.47
  Run 3/5: Score: 95.47
  Run 5/5: Score: 97.67
  Run 4/5: Score: 97.67
  Run 1/5: Score: 97.67
  Best across runs: 97.67/100
  Time: 2.89s
Phase 3: Local Search
  Initial score: 97.67, Groupings: 1, Groups of 3: 0
  Converged after 0 iterations (0 improvements)
  Final score: 97.67/100, Final groupings: 1, Final groups of 3: 0
  Time: 0.01s
  Restart 1 result: 97.67/100

--- Restart 2/3 ---

Phase 1: Smart Skeleton Construction
  Score: 92.53/100
Phase 2: Multi-Start GA
  Skeleton score: 92.53/100
  Running 5 GA runs in parallel (using 5 threads)
  Run 1/5: Score: 96.39
  Run 2/5: Score: 97.98
  Run 3/5: Score: 97.98
  Run 5/5: Score: 97.67
  Run 4/5: Score: 97.98
  Best across runs: 97.98/100
  Time: 2.65s
Phase 3: Local Search
  Initial score: 97.98, Groupings: 1, Groups of 3: 0
  Converged after 0 iterations (0 improvements)
  Final score: 97.98/100, Final groupings: 1, Final groups of 3: 0
  Time: 0.02s
  Restart 2 result: 97.98/100

--- Restart 3/3 ---

Phase 1: Smart Skeleton Construction
  Score: 91.85/100
Phase 2: Multi-Start GA
  Skeleton score: 91.85/100
  Running 5 GA runs in parallel (using 5 threads)
  Run 1/5: Score: 95.90
  Run 2/5: Score: 97.42
  Run 5/5: Score: 97.42
  Run 4/5: Score: 97.67
  Run 3/5: Score: 97.42
  Best across runs: 97.67/100
  Time: 2.75s
Phase 3: Local Search
  Initial score: 97.67, Groupings: 1, Groups of 3: 0
  Converged after 0 iterations (0 improvements)
  Final score: 97.67/100, Final groupings: 1, Final groups of 3: 0
  Time: 0.01s
  Restart 3 result: 97.67/100

============================================================
FINAL RESULT: 97.98/100 (in 8.35s, 3 restarts)
============================================================
2 benzersiz root adayi test edilecek. En iyi batch skoru: 97.98/100

Root adayi 1/2 deneniyor (Restart 2, Skor: 97.98/100)

Zone 2 (32 ply) - Zone 1'den drop-off yapýlýyor...
Zone 2 drop-off BAŢARISIZ: Hedef açý sayýlarýna uygun drop kombinasyonu bulunamadý

Root adayi 2/2 deneniyor (Restart 1, Skor: 97.67/100)

Zone 2 (32 ply) - Zone 1'den drop-off yapýlýyor...
Zone 2 drop-off BAŢARISIZ: Hedef açý sayýlarýna uygun drop kombinasyonu bulunamadý

Bu batch'teki root adaylari elendi, yeni root batch uretiliyor...

Drop-off baţarýsýz, yeni root batch deneniyor...

--- Root Batch 2/4 ---

Root Zone (Zone 1) adaylari uretiliyor...
============================================================
3-PHASE HYBRID OPTIMIZATION (MULTI-RESTART)
============================================================

--- Restart 1/3 ---

Phase 1: Smart Skeleton Construction
  Score: 93.33/100
Phase 2: Multi-Start GA
  Skeleton score: 93.33/100
  Running 5 GA runs in parallel (using 5 threads)
  Run 2/5: Score: 95.58
  Run 5/5: Score: 96.84
  Run 4/5: Score: 95.32
  Run 1/5: Score: 95.32
  Run 3/5: Score: 96.41
  Best across runs: 96.84/100
  Time: 3.20s
Phase 3: Local Search
  Initial score: 96.84, Groupings: 1, Groups of 3: 0
  Converged after 0 iterations (0 improvements)
  Final score: 96.84/100, Final groupings: 1, Final groups of 3: 0
  Time: 0.01s
  Restart 1 result: 96.84/100

--- Restart 2/3 ---

Phase 1: Smart Skeleton Construction
  Score: 89.75/100
Phase 2: Multi-Start GA
  Skeleton score: 89.75/100
  Running 5 GA runs in parallel (using 5 threads)
  Run 1/5: Score: 97.98
  Run 4/5: Score: 97.67
  Run 5/5: Score: 97.67
  Run 2/5: Score: 97.98
  Run 3/5: Score: 97.98
  Best across runs: 97.98/100
  Time: 2.88s
Phase 3: Local Search
  Initial score: 97.98, Groupings: 1, Groups of 3: 0
  Converged after 0 iterations (0 improvements)
  Final score: 97.98/100, Final groupings: 1, Final groups of 3: 0
  Time: 0.01s
  Restart 2 result: 97.98/100

--- Restart 3/3 ---

Phase 1: Smart Skeleton Construction
  Score: 92.38/100
Phase 2: Multi-Start GA
  Skeleton score: 92.38/100
  Running 5 GA runs in parallel (using 5 threads)
  Run 3/5: Score: 95.42
  Run 1/5: Score: 95.29
  Run 4/5: Score: 95.85
  Run 2/5: Score: 95.33
  Run 5/5: Score: 97.10
  Best across runs: 97.10/100
  Time: 2.14s
Phase 3: Local Search
  Initial score: 97.10, Groupings: 1, Groups of 3: 0
  Converged after 0 iterations (0 improvements)
  Final score: 97.10/100, Final groupings: 1, Final groups of 3: 0
  Time: 0.01s
  Restart 3 result: 97.10/100

============================================================
FINAL RESULT: 97.98/100 (in 8.28s, 3 restarts)
============================================================
2 benzersiz root adayi test edilecek. En iyi batch skoru: 97.10/100

Root adayi 1/2 deneniyor (Restart 3, Skor: 97.10/100)

Zone 2 (32 ply) - Zone 1'den drop-off yapýlýyor...
Zone 2 drop-off BAŢARISIZ: Hedef açý sayýlarýna uygun drop kombinasyonu bulunamadý

Root adayi 2/2 deneniyor (Restart 1, Skor: 96.84/100)

Zone 2 (32 ply) - Zone 1'den drop-off yapýlýyor...
Zone 2 skor: 94.85/100

Zone 3 (30 ply) - Zone 2'den drop-off yapýlýyor...
Zone 3 skor: 96.49/100

Zone 4 (24 ply) - Zone 3'den drop-off yapýlýyor...
Zone 4 skor: 87.18/100

Zone 5 (20 ply) - Zone 4'den drop-off yapýlýyor...
Zone 5 skor: 96.95/100

============================================================
MULTI-ZONE OPTIMIZATION TAMAMLANDI
============================================================
Toplam ađýrlýk: 50.48 g
  Zone 1: 12.80 g
  Zone 2: 11.38 g
  Zone 3: 10.66 g
  Zone 4: 8.53 g
  Zone 5: 7.11 g
Tum ramp kisitlari karsilaniyor.
============================================================
MULTI-ZONE OPTIMIZATION
============================================================
Zone sayýsý: 6
Root zone: Zone 1 (40 ply)
Sýralama: ['Zone 1 (40 ply)', 'Zone 2 (36 ply)', 'Zone 3 (28 ply)', 'Zone 4 (24 ply)', 'Zone 5 (22 ply)', 'Zone 6 (16 ply)']

HATA: Baglantisiz zone'lar: Zone 3, Zone 4, Zone 5, Zone 6
============================================================
MULTI-ZONE OPTIMIZATION
============================================================
Zone sayýsý: 5
Root zone: Zone 1 (36 ply)
Sýralama: ['Zone 1 (36 ply)', 'Zone 2 (34 ply)', 'Zone 3 (28 ply)', 'Zone 4 (24 ply)', 'Zone 5 (20 ply)']

HATA: Baglantisiz zone'lar: Zone 3, Zone 4, Zone 5
============================================================
MULTI-ZONE OPTIMIZATION
============================================================
Zone sayýsý: 6
Root zone: Zone 1 (40 ply)
Sýralama: ['Zone 1 (40 ply)', 'Zone 2 (36 ply)', 'Zone 3 (34 ply)', 'Zone 4 (28 ply)', 'Zone 5 (24 ply)', 'Zone 6 (22 ply)']

HATA: Baglantisiz zone'lar: Zone 3, Zone 4, Zone 5, Zone 6
============================================================
MULTI-ZONE OPTIMIZATION
============================================================
Zone sayýsý: 6
Root zone: Zone 1 (52 ply)
Sýralama: ['Zone 1 (52 ply)', 'Zone 2 (44 ply)', 'Zone 3 (34 ply)', 'Zone 4 (32 ply)', 'Zone 5 (28 ply)', 'Zone 6 (22 ply)']

HATA: Baglantisiz zone'lar: Zone 3, Zone 4, Zone 5, Zone 6
============================================================
MULTI-ZONE OPTIMIZATION
============================================================
Zone sayýsý: 5
Root zone: Zone 1 (36 ply)
Sýralama: ['Zone 1 (36 ply)', 'Zone 2 (34 ply)', 'Zone 5 (28 ply)', 'Zone 3 (24 ply)', 'Zone 4 (20 ply)']

BFS drop-off sirasi: ['Zone 2', 'Zone 5', 'Zone 3', 'Zone 4']
Kaynak haritasi: {Zone 2 <- Zone 1, Zone 5 <- Zone 2, Zone 3 <- Zone 5, Zone 4 <- Zone 3}

--- Root Batch 1/4 ---

Root Zone (Zone 1) adaylari uretiliyor...
============================================================
3-PHASE HYBRID OPTIMIZATION (MULTI-RESTART)
============================================================

--- Restart 1/3 ---

Phase 1: Smart Skeleton Construction
  Score: 93.37/100
Phase 2: Multi-Start GA
  Skeleton score: 93.37/100
  Running 5 GA runs in parallel (using 5 threads)
  Run 1/5: Score: 96.84
  Run 5/5: Score: 96.84
  Run 2/5: Score: 96.87
  Run 3/5: Score: 96.84
  Run 4/5: Score: 96.84
  Best across runs: 96.87/100
  Time: 2.46s
Phase 3: Local Search
  Initial score: 96.87, Groupings: 1, Groups of 3: 0
  Converged after 0 iterations (0 improvements)
  Final score: 96.87/100, Final groupings: 1, Final groups of 3: 0
  Time: 0.01s
  Restart 1 result: 96.87/100

--- Restart 2/3 ---

Phase 1: Smart Skeleton Construction
  Score: 91.52/100
Phase 2: Multi-Start GA
  Skeleton score: 91.52/100
  Running 5 GA runs in parallel (using 5 threads)
  Run 2/5: Score: 97.98
  Run 3/5: Score: 97.10
  Run 1/5: Score: 97.98
  Run 5/5: Score: 97.67
  Run 4/5: Score: 97.98
  Best across runs: 97.98/100
  Time: 2.84s
Phase 3: Local Search
  Initial score: 97.98, Groupings: 1, Groups of 3: 0
  Converged after 0 iterations (0 improvements)
  Final score: 97.98/100, Final groupings: 1, Final groups of 3: 0
  Time: 0.02s
  Restart 2 result: 97.98/100

--- Restart 3/3 ---

Phase 1: Smart Skeleton Construction
  Score: 92.60/100
Phase 2: Multi-Start GA
  Skeleton score: 92.60/100
  Running 5 GA runs in parallel (using 5 threads)
  Run 5/5: Score: 97.67
  Run 3/5: Score: 97.67
  Run 2/5: Score: 97.42
  Run 1/5: Score: 97.42
  Run 4/5: Score: 97.98
  Best across runs: 97.98/100
  Time: 2.79s
Phase 3: Local Search
  Initial score: 97.98, Groupings: 1, Groups of 3: 0
  Converged after 0 iterations (0 improvements)
  Final score: 97.98/100, Final groupings: 1, Final groups of 3: 0
  Time: 0.01s
  Restart 3 result: 97.98/100

============================================================
FINAL RESULT: 97.98/100 (in 8.16s, 3 restarts)
============================================================
2 benzersiz root adayi test edilecek. En iyi batch skoru: 97.98/100

Root adayi 1/2 deneniyor (Restart 2, Skor: 97.98/100)

Zone 2 (34 ply) - Zone 1'den drop-off yapýlýyor...
Zone 2 skor: 97.74/100

Zone 5 (28 ply) - Zone 2'den drop-off yapýlýyor...
Zone 5 skor: 90.35/100

Zone 3 (24 ply) - Zone 5'den drop-off yapýlýyor...
Zone 3 drop-off BAŢARISIZ: Hedef açý sayýlarýna uygun drop kombinasyonu bulunamadý

Root adayi 2/2 deneniyor (Restart 1, Skor: 96.87/100)

Zone 2 (34 ply) - Zone 1'den drop-off yapýlýyor...
Zone 2 skor: 96.83/100

Zone 5 (28 ply) - Zone 2'den drop-off yapýlýyor...
Zone 5 skor: 97.70/100

Zone 3 (24 ply) - Zone 5'den drop-off yapýlýyor...
Zone 3 drop-off BAŢARISIZ: Hedef açý sayýlarýna uygun drop kombinasyonu bulunamadý

Bu batch'teki root adaylari elendi, yeni root batch uretiliyor...

Drop-off baţarýsýz, yeni root batch deneniyor...

--- Root Batch 2/4 ---

Root Zone (Zone 1) adaylari uretiliyor...
============================================================
3-PHASE HYBRID OPTIMIZATION (MULTI-RESTART)
============================================================

--- Restart 1/3 ---

Phase 1: Smart Skeleton Construction
  Score: 91.67/100
Phase 2: Multi-Start GA
  Skeleton score: 91.67/100
  Running 5 GA runs in parallel (using 5 threads)
  Run 1/5: Score: 97.10
  Run 2/5: Score: 97.10
  Run 3/5: Score: 97.98
  Run 4/5: Score: 97.67
  Run 5/5: Score: 97.42
  Best across runs: 97.98/100
  Time: 2.58s
Phase 3: Local Search
  Initial score: 97.98, Groupings: 1, Groups of 3: 0
  Converged after 0 iterations (0 improvements)
  Final score: 97.98/100, Final groupings: 1, Final groups of 3: 0
  Time: 0.01s
  Restart 1 result: 97.98/100

--- Restart 2/3 ---

Phase 1: Smart Skeleton Construction
  Score: 92.30/100
Phase 2: Multi-Start GA
  Skeleton score: 92.30/100
  Running 5 GA runs in parallel (using 5 threads)
  Run 4/5: Score: 97.98
  Run 2/5: Score: 97.67
  Run 3/5: Score: 97.67
  Run 1/5: Score: 97.98
  Run 5/5: Score: 95.42
  Best across runs: 97.98/100
  Time: 2.97s
Phase 3: Local Search
  Initial score: 97.98, Groupings: 1, Groups of 3: 0
  Converged after 0 iterations (0 improvements)
  Final score: 97.98/100, Final groupings: 1, Final groups of 3: 0
  Time: 0.01s
  Restart 2 result: 97.98/100

--- Restart 3/3 ---

Phase 1: Smart Skeleton Construction
  Score: 93.74/100
Phase 2: Multi-Start GA
  Skeleton score: 93.74/100
  Running 5 GA runs in parallel (using 5 threads)
  Run 1/5: Score: 96.84
  Run 4/5: Score: 96.08
  Run 5/5: Score: 96.87
  Run 2/5: Score: 96.84
  Run 3/5: Score: 96.84
  Best across runs: 96.87/100
  Time: 2.32s
Phase 3: Local Search
  Initial score: 96.87, Groupings: 1, Groups of 3: 0
  Converged after 0 iterations (0 improvements)
  Final score: 96.87/100, Final groupings: 1, Final groups of 3: 0
  Time: 0.02s
  Restart 3 result: 96.87/100

============================================================
FINAL RESULT: 97.98/100 (in 7.91s, 3 restarts)
============================================================
2 benzersiz root adayi test edilecek. En iyi batch skoru: 97.98/100

Root adayi 1/2 deneniyor (Restart 1, Skor: 97.98/100)

Zone 2 (34 ply) - Zone 1'den drop-off yapýlýyor...
Zone 2 skor: 97.74/100

Zone 5 (28 ply) - Zone 2'den drop-off yapýlýyor...
Zone 5 skor: 90.22/100

Zone 3 (24 ply) - Zone 5'den drop-off yapýlýyor...
Zone 3 drop-off BAŢARISIZ: Hedef açý sayýlarýna uygun drop kombinasyonu bulunamadý

Root adayi 2/2 deneniyor (Restart 3, Skor: 96.87/100)

Zone 2 (34 ply) - Zone 1'den drop-off yapýlýyor...
Zone 2 skor: 96.83/100

Zone 5 (28 ply) - Zone 2'den drop-off yapýlýyor...
Zone 5 skor: 97.70/100

Zone 3 (24 ply) - Zone 5'den drop-off yapýlýyor...
Zone 3 drop-off BAŢARISIZ: Hedef açý sayýlarýna uygun drop kombinasyonu bulunamadý

Bu batch'teki root adaylari elendi, yeni root batch uretiliyor...

Drop-off baţarýsýz, yeni root batch deneniyor...

--- Root Batch 3/4 ---

Root Zone (Zone 1) adaylari uretiliyor...
============================================================
3-PHASE HYBRID OPTIMIZATION (MULTI-RESTART)
============================================================

--- Restart 1/3 ---

Phase 1: Smart Skeleton Construction
  Score: 92.43/100
Phase 2: Multi-Start GA
  Skeleton score: 92.43/100
  Running 5 GA runs in parallel (using 5 threads)
  Run 2/5: Score: 97.42
  Run 4/5: Score: 97.42
  Run 1/5: Score: 97.98
  Run 3/5: Score: 97.10
  Run 5/5: Score: 97.98
  Best across runs: 97.98/100
  Time: 3.29s
Phase 3: Local Search
  Initial score: 97.98, Groupings: 1, Groups of 3: 0
  Converged after 0 iterations (0 improvements)
  Final score: 97.98/100, Final groupings: 1, Final groups of 3: 0
  Time: 0.01s
  Restart 1 result: 97.98/100

--- Restart 2/3 ---

Phase 1: Smart Skeleton Construction
  Score: 93.36/100
Phase 2: Multi-Start GA
  Skeleton score: 93.36/100
  Running 5 GA runs in parallel (using 5 threads)
  Run 2/5: Score: 95.69
  Run 3/5: Score: 95.69
  Run 5/5: Score: 95.42
  Run 4/5: Score: 95.92
  Run 1/5: Score: 97.42
  Best across runs: 97.42/100
  Time: 2.99s
Phase 3: Local Search
  Initial score: 97.42, Groupings: 1, Groups of 3: 0
  Converged after 0 iterations (0 improvements)
  Final score: 97.42/100, Final groupings: 1, Final groups of 3: 0
  Time: 0.01s
  Restart 2 result: 97.42/100

--- Restart 3/3 ---

Phase 1: Smart Skeleton Construction
  Score: 91.44/100
Phase 2: Multi-Start GA
  Skeleton score: 91.44/100
  Running 5 GA runs in parallel (using 5 threads)
============================================================
MULTI-ZONE OPTIMIZATION
============================================================
Zone sayýsý: 6
Root zone: Zone 1 (40 ply)
Sýralama: ['Zone 1 (40 ply)', 'Zone 6 (36 ply)', 'Zone 2 (28 ply)', 'Zone 3 (24 ply)', 'Zone 4 (22 ply)', 'Zone 5 (16 ply)']

BFS drop-off sirasi: ['Zone 6', 'Zone 2', 'Zone 3', 'Zone 4', 'Zone 5']
Kaynak haritasi: {Zone 6 <- Zone 1, Zone 2 <- Zone 6, Zone 3 <- Zone 2, Zone 4 <- Zone 3, Zone 5 <- Zone 4}

--- Root Batch 1/4 ---

Root Zone (Zone 1) adaylari uretiliyor...
============================================================
3-PHASE HYBRID OPTIMIZATION (MULTI-RESTART)
============================================================

--- Restart 1/3 ---

Phase 1: Smart Skeleton Construction
  Score: 88.90/100
Phase 2: Multi-Start GA
  Skeleton score: 88.90/100
  Running 5 GA runs in parallel (using 5 threads)
  Run 5/5: Score: 95.92
  Run 1/5: Score: 97.98
  Run 2/5: Score: 97.98
  Run 3/5: Score: 97.98
  Run 4/5: Score: 97.98
  Best across runs: 97.98/100
  Time: 5.03s
Phase 3: Local Search
  Initial score: 97.98, Groupings: 1, Groups of 3: 0
  Converged after 0 iterations (0 improvements)
  Final score: 97.98/100, Final groupings: 1, Final groups of 3: 0
  Time: 0.01s
  Restart 3 result: 97.98/100

============================================================
FINAL RESULT: 97.98/100 (in 11.37s, 3 restarts)
============================================================
1 benzersiz root adayi test edilecek. En iyi batch skoru: 97.42/100

Root adayi 1/1 deneniyor (Restart 2, Skor: 97.42/100)

Zone 2 (34 ply) - Zone 1'den drop-off yapýlýyor...
  Run 1/5: Score: 89.60
  Run 2/5: Score: 89.60
  Run 5/5: Score: 89.60
  Run 4/5: Score: 89.60
  Run 3/5: Score: 89.60
  Best across runs: 89.60/100
  Time: 4.74s
Phase 3: Local Search
  Initial score: 89.60, Groupings: 11, Groups of 3: 0
  Converged after 0 iterations (0 improvements)
  Final score: 89.60/100, Final groupings: 11, Final groups of 3: 0
  Time: 0.01s
  Restart 1 result: 89.60/100

--- Restart 2/3 ---

Phase 1: Smart Skeleton Construction
  Score: 82.75/100
Phase 2: Multi-Start GA
  Skeleton score: 82.75/100
  Running 5 GA runs in parallel (using 5 threads)
Zone 2 skor: 97.81/100

Zone 5 (28 ply) - Zone 2'den drop-off yapýlýyor...
Zone 5 skor: 89.95/100

Zone 3 (24 ply) - Zone 5'den drop-off yapýlýyor...
Zone 3 drop-off BAŢARISIZ: Hedef açý sayýlarýna uygun drop kombinasyonu bulunamadý

Bu batch'teki root adaylari elendi, yeni root batch uretiliyor...

Drop-off baţarýsýz, yeni root batch deneniyor...

--- Root Batch 4/4 ---

Root Zone (Zone 1) adaylari uretiliyor...
============================================================
3-PHASE HYBRID OPTIMIZATION (MULTI-RESTART)
============================================================

--- Restart 1/3 ---

Phase 1: Smart Skeleton Construction
  Score: 91.63/100
Phase 2: Multi-Start GA
  Skeleton score: 91.63/100
  Running 5 GA runs in parallel (using 5 threads)
  Run 3/5: Score: 82.75
  Run 2/5: Score: 82.75
  Run 1/5: Score: 82.75
  Run 5/5: Score: 82.75
  Run 4/5: Score: 85.81
  Best across runs: 85.81/100
  Time: 6.43s
Phase 3: Local Search
  Initial score: 85.81, Groupings: 11, Groups of 3: 2
  Converged after 0 iterations (0 improvements)
  Final score: 85.81/100, Final groupings: 11, Final groups of 3: 2
  Time: 0.01s
  Restart 2 result: 85.81/100

--- Restart 3/3 ---

Phase 1: Smart Skeleton Construction
  Score: 86.66/100
Phase 2: Multi-Start GA
  Skeleton score: 86.66/100
  Running 5 GA runs in parallel (using 5 threads)
  Run 4/5: Score: 96.41
  Run 2/5: Score: 96.33
  Run 3/5: Score: 97.98
  Run 5/5: Score: 96.84
  Run 1/5: Score: 97.67
  Best across runs: 97.98/100
  Time: 5.84s
Phase 3: Local Search
  Initial score: 97.98, Groupings: 1, Groups of 3: 0
  Converged after 0 iterations (0 improvements)
  Final score: 97.98/100, Final groupings: 1, Final groups of 3: 0
  Time: 0.01s
  Restart 1 result: 97.98/100

--- Restart 2/3 ---

Phase 1: Smart Skeleton Construction
  Score: 90.06/100
Phase 2: Multi-Start GA
  Skeleton score: 90.06/100
  Running 5 GA runs in parallel (using 5 threads)
============================================================
MULTI-ZONE OPTIMIZATION
============================================================
Zone sayýsý: 6
Root zone: Zone 1 (40 ply)
Sýralama: ['Zone 1 (40 ply)', 'Zone 6 (36 ply)', 'Zone 2 (34 ply)', 'Zone 3 (28 ply)', 'Zone 4 (24 ply)', 'Zone 5 (22 ply)']

HATA: Baglantisiz zone'lar: Zone 4, Zone 5
  Run 1/5: Score: 89.60
  Run 3/5: Score: 89.31
  Run 5/5: Score: 89.60
  Run 2/5: Score: 89.60
  Run 4/5: Score: 89.60
  Best across runs: 89.60/100
  Time: 6.49s
Phase 3: Local Search
  Initial score: 89.60, Groupings: 11, Groups of 3: 0
  Converged after 0 iterations (0 improvements)
  Final score: 89.60/100, Final groupings: 11, Final groups of 3: 0
  Time: 0.01s
  Restart 3 result: 89.60/100

============================================================
FINAL RESULT: 89.60/100 (in 17.76s, 3 restarts)
============================================================
3 benzersiz root adayi test edilecek. En iyi batch skoru: 89.60/100

Root adayi 1/3 deneniyor (Restart 1, Skor: 89.60/100)

Zone 6 (36 ply) - Zone 1'den drop-off yapýlýyor...
  Run 3/5: Score: 96.61
  Run 5/5: Score: 96.87
  Run 4/5: Score: 97.67
  Run 1/5: Score: 96.33
  Run 2/5: Score: 96.87
  Best across runs: 97.67/100
  Time: 5.61s
Phase 3: Local Search
  Initial score: 97.67, Groupings: 1, Groups of 3: 0
  Converged after 0 iterations (0 improvements)
  Final score: 97.67/100, Final groupings: 1, Final groups of 3: 0
  Time: 0.01s
  Restart 2 result: 97.67/100

--- Restart 3/3 ---

Phase 1: Smart Skeleton Construction
  Score: 92.66/100
Phase 2: Multi-Start GA
  Skeleton score: 92.66/100
  Running 5 GA runs in parallel (using 5 threads)
Zone 6 skor: 91.90/100

Zone 2 (28 ply) - Zone 6'den drop-off yapýlýyor...
Zone 2 skor: 74.77/100

Zone 3 (24 ply) - Zone 2'den drop-off yapýlýyor...
Zone 3 skor: 74.71/100

Zone 4 (22 ply) - Zone 3'den drop-off yapýlýyor...
  Run 1/5: Score: 96.87
  Run 4/5: Score: 96.84
  Run 3/5: Score: 96.87
  Run 2/5: Score: 96.87
  Run 5/5: Score: 96.41
  Best across runs: 96.87/100
  Time: 3.61s
Phase 3: Local Search
  Initial score: 96.87, Groupings: 1, Groups of 3: 0
  Converged after 0 iterations (0 improvements)
  Final score: 96.87/100, Final groupings: 1, Final groups of 3: 0
  Time: 0.01s
  Restart 3 result: 96.87/100

============================================================
FINAL RESULT: 97.98/100 (in 15.33s, 3 restarts)
============================================================
1 benzersiz root adayi test edilecek. En iyi batch skoru: 97.67/100

Root adayi 1/1 deneniyor (Restart 2, Skor: 97.67/100)

Zone 2 (34 ply) - Zone 1'den drop-off yapýlýyor...
Zone 4 skor: 74.92/100

Zone 5 (16 ply) - Zone 4'den drop-off yapýlýyor...
Zone 2 skor: 97.44/100

Zone 5 (28 ply) - Zone 2'den drop-off yapýlýyor...
Zone 5 skor: 90.16/100

Zone 3 (24 ply) - Zone 5'den drop-off yapýlýyor...
Zone 5 skor: 85.98/100

============================================================
MULTI-ZONE OPTIMIZATION TAMAMLANDI
============================================================
Toplam ađýrlýk: 64.82 g
  Zone 1: 9.95 g
  Zone 2: 6.97 g
  Zone 3: 5.97 g
  Zone 4: 5.47 g
  Zone 5: 3.98 g
  Zone 6: 32.47 g
Tum ramp kisitlari karsilaniyor.
Zone 3 drop-off BAŢARISIZ: Hedef açý sayýlarýna uygun drop kombinasyonu bulunamadý

Bu batch'teki root adaylari elendi, yeni root batch uretiliyor...

Drop-off baţarýsýz, yeni root batch deneniyor...

MAKSÝMUM DENEME AŢILDI - Kýsmi sonuç döndürülüyor
============================================================
MULTI-ZONE OPTIMIZATION
============================================================
Zone sayýsý: 6
Root zone: Zone 1 (52 ply)
Sýralama: ['Zone 1 (52 ply)', 'Zone 6 (44 ply)', 'Zone 2 (34 ply)', 'Zone 3 (32 ply)', 'Zone 4 (28 ply)', 'Zone 5 (22 ply)']

HATA: Baglantisiz zone'lar: Zone 4, Zone 5
============================================================
MULTI-ZONE OPTIMIZATION
============================================================
Zone sayýsý: 6
Root zone: Zone 1 (40 ply)
Sýralama: ['Zone 1 (40 ply)', 'Zone 6 (36 ply)', 'Zone 2 (34 ply)', 'Zone 3 (28 ply)', 'Zone 4 (24 ply)', 'Zone 5 (22 ply)']

HATA: Baglantisiz zone'lar: Zone 4, Zone 5
============================================================
MULTI-ZONE OPTIMIZATION
============================================================
Zone sayýsý: 5
Root zone: Zone 1 (36 ply)
Sýralama: ['Zone 1 (36 ply)', 'Zone 2 (32 ply)', 'Zone 3 (30 ply)', 'Zone 4 (24 ply)', 'Zone 5 (20 ply)']

BFS drop-off sirasi: ['Zone 2', 'Zone 3', 'Zone 4', 'Zone 5']
Kaynak haritasi: {Zone 2 <- Zone 1, Zone 3 <- Zone 2, Zone 4 <- Zone 3, Zone 5 <- Zone 4}

--- Root Batch 1/4 ---

Root Zone (Zone 1) adaylari uretiliyor...
============================================================
3-PHASE HYBRID OPTIMIZATION (MULTI-RESTART)
============================================================

--- Restart 1/3 ---

Phase 1: Smart Skeleton Construction
  Score: 92.07/100
Phase 2: Multi-Start GA
  Skeleton score: 92.07/100
  Running 5 GA runs in parallel (using 5 threads)
  Run 5/5: Score: 96.61
  Run 4/5: Score: 96.84
  Run 3/5: Score: 96.84
  Run 1/5: Score: 96.84
  Run 2/5: Score: 96.87
  Best across runs: 96.87/100
  Time: 3.04s
Phase 3: Local Search
  Initial score: 96.87, Groupings: 1, Groups of 3: 0
  Converged after 0 iterations (0 improvements)
  Final score: 96.87/100, Final groupings: 1, Final groups of 3: 0
  Time: 0.02s
  Restart 1 result: 96.87/100

--- Restart 2/3 ---

Phase 1: Smart Skeleton Construction
  Score: 91.01/100
Phase 2: Multi-Start GA
  Skeleton score: 91.01/100
  Running 5 GA runs in parallel (using 5 threads)
  Run 2/5: Score: 96.39
  Run 5/5: Score: 96.39
  Run 1/5: Score: 97.98
  Run 3/5: Score: 96.61
  Run 4/5: Score: 96.39
  Best across runs: 97.98/100
  Time: 2.72s
Phase 3: Local Search
  Initial score: 97.98, Groupings: 1, Groups of 3: 0
  Converged after 0 iterations (0 improvements)
  Final score: 97.98/100, Final groupings: 1, Final groups of 3: 0
  Time: 0.01s
  Restart 2 result: 97.98/100

--- Restart 3/3 ---

Phase 1: Smart Skeleton Construction
  Score: 92.74/100
Phase 2: Multi-Start GA
  Skeleton score: 92.74/100
  Running 5 GA runs in parallel (using 5 threads)
  Run 1/5: Score: 97.42
  Run 2/5: Score: 97.42
  Run 3/5: Score: 97.98
  Run 5/5: Score: 97.42
  Run 4/5: Score: 97.42
  Best across runs: 97.98/100
  Time: 2.47s
Phase 3: Local Search
  Initial score: 97.98, Groupings: 1, Groups of 3: 0
  Converged after 0 iterations (0 improvements)
  Final score: 97.98/100, Final groupings: 1, Final groups of 3: 0
  Time: 0.01s
  Restart 3 result: 97.98/100

============================================================
FINAL RESULT: 97.98/100 (in 8.30s, 3 restarts)
============================================================
2 benzersiz root adayi test edilecek. En iyi batch skoru: 97.98/100

Root adayi 1/2 deneniyor (Restart 2, Skor: 97.98/100)

Zone 2 (32 ply) - Zone 1'den drop-off yapýlýyor...
Zone 2 drop-off BAŢARISIZ: Hedef açý sayýlarýna uygun drop kombinasyonu bulunamadý

Root adayi 2/2 deneniyor (Restart 1, Skor: 96.87/100)

Zone 2 (32 ply) - Zone 1'den drop-off yapýlýyor...
Zone 2 skor: 95.17/100

Zone 3 (30 ply) - Zone 2'den drop-off yapýlýyor...
Zone 3 skor: 96.83/100

Zone 4 (24 ply) - Zone 3'den drop-off yapýlýyor...
Zone 4 skor: 86.97/100

Zone 5 (20 ply) - Zone 4'den drop-off yapýlýyor...
Zone 5 skor: 96.85/100

============================================================
MULTI-ZONE OPTIMIZATION TAMAMLANDI
============================================================
Toplam ađýrlýk: 48.10 g
  Zone 1: 12.20 g
  Zone 2: 10.84 g
  Zone 3: 10.16 g
  Zone 4: 8.13 g
  Zone 5: 6.78 g
Tum ramp kisitlari karsilaniyor.
============================================================
MULTI-ZONE OPTIMIZATION
============================================================
Zone sayýsý: 5
Root zone: Zone 1 (36 ply)
Sýralama: ['Zone 1 (36 ply)', 'Zone 2 (34 ply)', 'Zone 3 (28 ply)', 'Zone 4 (24 ply)', 'Zone 5 (20 ply)']

BFS drop-off sirasi: ['Zone 2', 'Zone 3', 'Zone 4', 'Zone 5']
Kaynak haritasi: {Zone 2 <- Zone 1, Zone 3 <- Zone 2, Zone 4 <- Zone 3, Zone 5 <- Zone 4}

--- Root Batch 1/4 ---

Root Zone (Zone 1) adaylari uretiliyor...
============================================================
3-PHASE HYBRID OPTIMIZATION (MULTI-RESTART)
============================================================

--- Restart 1/3 ---

Phase 1: Smart Skeleton Construction
  Score: 90.96/100
Phase 2: Multi-Start GA
  Skeleton score: 90.96/100
  Running 5 GA runs in parallel (using 5 threads)
  Run 2/5: Score: 95.90
  Run 5/5: Score: 95.85
  Run 4/5: Score: 95.51
  Run 3/5: Score: 95.85
  Run 1/5: Score: 95.85
  Best across runs: 95.90/100
  Time: 2.42s
Phase 3: Local Search
  Initial score: 95.90, Groupings: 3, Groups of 3: 0
  Converged after 0 iterations (0 improvements)
  Final score: 95.90/100, Final groupings: 3, Final groups of 3: 0
  Time: 0.01s
  Restart 1 result: 95.90/100

--- Restart 2/3 ---

Phase 1: Smart Skeleton Construction
  Score: 91.22/100
Phase 2: Multi-Start GA
  Skeleton score: 91.22/100
  Running 5 GA runs in parallel (using 5 threads)
  Run 1/5: Score: 97.42
  Run 5/5: Score: 96.61
  Run 3/5: Score: 96.61
  Run 2/5: Score: 96.87
  Run 4/5: Score: 96.87
  Best across runs: 97.42/100
  Time: 2.93s
Phase 3: Local Search
  Initial score: 97.42, Groupings: 1, Groups of 3: 0
  Converged after 0 iterations (0 improvements)
  Final score: 97.42/100, Final groupings: 1, Final groups of 3: 0
  Time: 0.01s
  Restart 2 result: 97.42/100

--- Restart 3/3 ---

Phase 1: Smart Skeleton Construction
  Score: 93.38/100
Phase 2: Multi-Start GA
  Skeleton score: 93.38/100
  Running 5 GA runs in parallel (using 5 threads)
  Run 2/5: Score: 97.42
  Run 1/5: Score: 97.42
  Run 4/5: Score: 95.92
  Run 5/5: Score: 95.92
  Run 3/5: Score: 97.67
  Best across runs: 97.67/100
  Time: 3.13s
Phase 3: Local Search
  Initial score: 97.67, Groupings: 1, Groups of 3: 0
  Converged after 0 iterations (0 improvements)
  Final score: 97.67/100, Final groupings: 1, Final groups of 3: 0
  Time: 0.02s
  Restart 3 result: 97.67/100

============================================================
FINAL RESULT: 97.67/100 (in 8.53s, 3 restarts)
============================================================
3 benzersiz root adayi test edilecek. En iyi batch skoru: 97.67/100

Root adayi 1/3 deneniyor (Restart 3, Skor: 97.67/100)

Zone 2 (34 ply) - Zone 1'den drop-off yapýlýyor...
Zone 2 skor: 97.44/100

Zone 3 (28 ply) - Zone 2'den drop-off yapýlýyor...
Zone 3 skor: 89.94/100

Zone 4 (24 ply) - Zone 3'den drop-off yapýlýyor...
Zone 4 drop-off BAŢARISIZ: Hedef açý sayýlarýna uygun drop kombinasyonu bulunamadý

Root adayi 2/3 deneniyor (Restart 2, Skor: 97.42/100)

Zone 2 (34 ply) - Zone 1'den drop-off yapýlýyor...
Zone 2 skor: 97.81/100

Zone 3 (28 ply) - Zone 2'den drop-off yapýlýyor...
Zone 3 skor: 89.95/100

Zone 4 (24 ply) - Zone 3'den drop-off yapýlýyor...
Zone 4 drop-off BAŢARISIZ: Hedef açý sayýlarýna uygun drop kombinasyonu bulunamadý

Root adayi 3/3 deneniyor (Restart 1, Skor: 95.90/100)

Zone 2 (34 ply) - Zone 1'den drop-off yapýlýyor...
Zone 2 skor: 97.77/100

Zone 3 (28 ply) - Zone 2'den drop-off yapýlýyor...
Zone 3 skor: 89.76/100

Zone 4 (24 ply) - Zone 3'den drop-off yapýlýyor...
Zone 4 skor: 94.24/100

Zone 5 (20 ply) - Zone 4'den drop-off yapýlýyor...
Zone 5 skor: 95.74/100

============================================================
MULTI-ZONE OPTIMIZATION TAMAMLANDI
============================================================
Toplam ađýrlýk: 46.32 g
  Zone 1: 11.74 g
  Zone 2: 11.09 g
  Zone 3: 9.13 g
  Zone 4: 7.83 g
  Zone 5: 6.52 g
Tum ramp kisitlari karsilaniyor.
============================================================
MULTI-ZONE OPTIMIZATION
============================================================
Zone sayýsý: 6
Root zone: Zone 1 (40 ply)
Sýralama: ['Zone 1 (40 ply)', 'Zone 2 (36 ply)', 'Zone 3 (28 ply)', 'Zone 4 (24 ply)', 'Zone 5 (22 ply)', 'Zone 6 (16 ply)']

BFS drop-off sirasi: ['Zone 2', 'Zone 3', 'Zone 4', 'Zone 5', 'Zone 6']
Kaynak haritasi: {Zone 2 <- Zone 1, Zone 3 <- Zone 2, Zone 4 <- Zone 3, Zone 5 <- Zone 4, Zone 6 <- Zone 5}

--- Root Batch 1/4 ---

Root Zone (Zone 1) adaylari uretiliyor...
============================================================
3-PHASE HYBRID OPTIMIZATION (MULTI-RESTART)
============================================================

--- Restart 1/3 ---

Phase 1: Smart Skeleton Construction
  Score: 87.93/100
Phase 2: Multi-Start GA
  Skeleton score: 87.93/100
  Running 5 GA runs in parallel (using 5 threads)
  Run 2/5: Score: 89.60
  Run 5/5: Score: 89.60
  Run 1/5: Score: 89.60
  Run 3/5: Score: 89.60
  Run 4/5: Score: 89.60
  Best across runs: 89.60/100
  Time: 3.02s
Phase 3: Local Search
  Initial score: 89.60, Groupings: 11, Groups of 3: 0
  Converged after 0 iterations (0 improvements)
  Final score: 89.60/100, Final groupings: 11, Final groups of 3: 0
  Time: 0.02s
  Restart 1 result: 89.60/100

--- Restart 2/3 ---

Phase 1: Smart Skeleton Construction
  Score: 87.18/100
Phase 2: Multi-Start GA
  Skeleton score: 87.18/100
  Running 5 GA runs in parallel (using 5 threads)
  Run 2/5: Score: 89.70
  Run 4/5: Score: 89.70
  Run 3/5: Score: 89.70
  Run 5/5: Score: 89.70
  Run 1/5: Score: 89.70
  Best across runs: 89.70/100
  Time: 3.12s
Phase 3: Local Search
  Initial score: 89.70, Groupings: 11, Groups of 3: 0
  Converged after 0 iterations (0 improvements)
  Final score: 89.70/100, Final groupings: 11, Final groups of 3: 0
  Time: 0.01s
  Restart 2 result: 89.70/100

--- Restart 3/3 ---

Phase 1: Smart Skeleton Construction
  Score: 82.58/100
Phase 2: Multi-Start GA
  Skeleton score: 82.58/100
  Running 5 GA runs in parallel (using 5 threads)
  Run 3/5: Score: 82.75
  Run 2/5: Score: 82.58
  Run 1/5: Score: 82.75
  Run 4/5: Score: 84.97
  Run 5/5: Score: 85.75
  Best across runs: 85.75/100
  Time: 3.36s
Phase 3: Local Search
  Initial score: 85.75, Groupings: 11, Groups of 3: 2
  Converged after 0 iterations (0 improvements)
  Final score: 85.75/100, Final groupings: 11, Final groups of 3: 2
  Time: 0.01s
  Restart 3 result: 85.75/100

============================================================
FINAL RESULT: 89.70/100 (in 9.55s, 3 restarts)
============================================================
3 benzersiz root adayi test edilecek. En iyi batch skoru: 89.70/100

Root adayi 1/3 deneniyor (Restart 2, Skor: 89.70/100)

Zone 2 (36 ply) - Zone 1'den drop-off yapýlýyor...
Zone 2 skor: 92.47/100

Zone 3 (28 ply) - Zone 2'den drop-off yapýlýyor...
Zone 3 skor: 90.62/100

Zone 4 (24 ply) - Zone 3'den drop-off yapýlýyor...
Zone 4 skor: 93.49/100

Zone 5 (22 ply) - Zone 4'den drop-off yapýlýyor...
Zone 5 skor: 95.59/100

Zone 6 (16 ply) - Zone 5'den drop-off yapýlýyor...
Zone 6 skor: 92.96/100

============================================================
MULTI-ZONE OPTIMIZATION TAMAMLANDI
============================================================
Toplam ađýrlýk: 36.05 g
  Zone 1: 8.69 g
  Zone 2: 7.82 g
  Zone 3: 6.08 g
  Zone 4: 5.21 g
  Zone 5: 4.78 g
  Zone 6: 3.47 g
Tum ramp kisitlari karsilaniyor.
============================================================
MULTI-ZONE OPTIMIZATION
============================================================
Zone sayýsý: 6
Root zone: Zone 1 (40 ply)
Sýralama: ['Zone 1 (40 ply)', 'Zone 2 (36 ply)', 'Zone 3 (34 ply)', 'Zone 4 (28 ply)', 'Zone 5 (24 ply)', 'Zone 6 (22 ply)']

BFS drop-off sirasi: ['Zone 2', 'Zone 3', 'Zone 4', 'Zone 5', 'Zone 6']
Kaynak haritasi: {Zone 2 <- Zone 1, Zone 3 <- Zone 2, Zone 4 <- Zone 3, Zone 5 <- Zone 4, Zone 6 <- Zone 5}

--- Root Batch 1/4 ---

Root Zone (Zone 1) adaylari uretiliyor...
============================================================
3-PHASE HYBRID OPTIMIZATION (MULTI-RESTART)
============================================================

--- Restart 1/3 ---

Phase 1: Smart Skeleton Construction
  Score: 86.24/100
Phase 2: Multi-Start GA
  Skeleton score: 86.24/100
  Running 5 GA runs in parallel (using 5 threads)
  Run 1/5: Score: 89.39
  Run 2/5: Score: 89.39
  Run 3/5: Score: 89.39
  Run 4/5: Score: 89.39
  Run 5/5: Score: 89.39
  Best across runs: 89.39/100
  Time: 3.09s
Phase 3: Local Search
  Initial score: 89.39, Groupings: 11, Groups of 3: 0
  Converged after 0 iterations (0 improvements)
  Final score: 89.39/100, Final groupings: 11, Final groups of 3: 0
  Time: 0.01s
  Restart 1 result: 89.39/100

--- Restart 2/3 ---

Phase 1: Smart Skeleton Construction
  Score: 81.29/100
Phase 2: Multi-Start GA
  Skeleton score: 81.29/100
  Running 5 GA runs in parallel (using 5 threads)
  Run 1/5: Score: 85.34
  Run 5/5: Score: 85.34
  Run 2/5: Score: 85.34
  Run 4/5: Score: 85.34
  Run 3/5: Score: 85.34
  Best across runs: 85.34/100
  Time: 3.32s
Phase 3: Local Search
  Initial score: 85.34, Groupings: 11, Groups of 3: 2
  Converged after 0 iterations (0 improvements)
  Final score: 85.34/100, Final groupings: 11, Final groups of 3: 2
  Time: 0.01s
  Restart 2 result: 85.34/100

--- Restart 3/3 ---

Phase 1: Smart Skeleton Construction
  Score: 81.54/100
Phase 2: Multi-Start GA
  Skeleton score: 81.54/100
  Running 5 GA runs in parallel (using 5 threads)
  Run 2/5: Score: 83.28
  Run 4/5: Score: 83.28
  Run 3/5: Score: 83.28
  Run 1/5: Score: 83.28
  Run 5/5: Score: 83.28
  Best across runs: 83.28/100
  Time: 3.00s
Phase 3: Local Search
  Initial score: 83.28, Groupings: 11, Groups of 3: 0
  Converged after 0 iterations (0 improvements)
  Final score: 83.28/100, Final groupings: 11, Final groups of 3: 0
  Time: 0.01s
  Restart 3 result: 83.28/100

============================================================
FINAL RESULT: 89.39/100 (in 9.45s, 3 restarts)
============================================================
3 benzersiz root adayi test edilecek. En iyi batch skoru: 89.39/100

Root adayi 1/3 deneniyor (Restart 1, Skor: 89.39/100)

Zone 2 (36 ply) - Zone 1'den drop-off yapýlýyor...
Zone 2 skor: 91.71/100

Zone 3 (34 ply) - Zone 2'den drop-off yapýlýyor...
Zone 3 skor: 92.81/100

Zone 4 (28 ply) - Zone 3'den drop-off yapýlýyor...
Zone 4 skor: 74.34/100

Zone 5 (24 ply) - Zone 4'den drop-off yapýlýyor...
Zone 5 skor: 74.55/100

Zone 6 (22 ply) - Zone 5'den drop-off yapýlýyor...
Zone 6 skor: 74.70/100

============================================================
MULTI-ZONE OPTIMIZATION TAMAMLANDI
============================================================
Toplam ađýrlýk: 44.13 g
  Zone 1: 9.60 g
  Zone 2: 8.63 g
  Zone 3: 8.15 g
  Zone 4: 6.72 g
  Zone 5: 5.76 g
  Zone 6: 5.28 g
Tum ramp kisitlari karsilaniyor.
============================================================
MULTI-ZONE OPTIMIZATION
============================================================
Zone sayýsý: 6
Root zone: Zone 1 (52 ply)
Sýralama: ['Zone 1 (52 ply)', 'Zone 2 (44 ply)', 'Zone 3 (34 ply)', 'Zone 4 (32 ply)', 'Zone 5 (28 ply)', 'Zone 6 (22 ply)']

BFS drop-off sirasi: ['Zone 2', 'Zone 3', 'Zone 4', 'Zone 5', 'Zone 6']
Kaynak haritasi: {Zone 2 <- Zone 1, Zone 3 <- Zone 2, Zone 4 <- Zone 3, Zone 5 <- Zone 4, Zone 6 <- Zone 5}

--- Root Batch 1/4 ---

Root Zone (Zone 1) adaylari uretiliyor...
============================================================
3-PHASE HYBRID OPTIMIZATION (MULTI-RESTART)
============================================================

--- Restart 1/3 ---

Phase 1: Smart Skeleton Construction
  Score: 86.69/100
Phase 2: Multi-Start GA
  Skeleton score: 86.69/100
  Running 7 GA runs in parallel (using 7 threads)
  Run 7/7: Score: 91.22
  Run 5/7: Score: 91.39
  Run 3/7: Score: 91.22
  Run 6/7: Score: 91.08
  Run 2/7: Score: 92.14
  Run 4/7: Score: 92.12
  Run 1/7: Score: 91.99
  Best across runs: 92.14/100
  Time: 9.36s
Phase 3: Local Search
  Initial score: 92.14, Groupings: 7, Groups of 3: 0
  Converged after 0 iterations (0 improvements)
  Final score: 92.14/100, Final groupings: 7, Final groups of 3: 0
  Time: 0.03s
  Restart 1 result: 92.14/100

--- Restart 2/3 ---

Phase 1: Smart Skeleton Construction
  Score: 82.08/100
Phase 2: Multi-Start GA
  Skeleton score: 82.08/100
  Running 7 GA runs in parallel (using 7 threads)
  Run 7/7: Score: 92.07
  Run 6/7: Score: 92.87
  Run 3/7: Score: 92.43
  Run 2/7: Score: 92.57
  Run 1/7: Score: 92.57
  Run 4/7: Score: 92.88
  Run 5/7: Score: 92.43
  Best across runs: 92.88/100
  Time: 9.28s
Phase 3: Local Search
  Initial score: 92.88, Groupings: 7, Groups of 3: 0
  Converged after 0 iterations (0 improvements)
  Final score: 92.88/100, Final groupings: 7, Final groups of 3: 0
  Time: 0.03s
  Restart 2 result: 92.88/100

--- Restart 3/3 ---

Phase 1: Smart Skeleton Construction
  Score: 87.68/100
Phase 2: Multi-Start GA
  Skeleton score: 87.68/100
  Running 7 GA runs in parallel (using 7 threads)
  Run 1/7: Score: 91.62
  Run 3/7: Score: 91.45
  Run 7/7: Score: 91.62
  Run 6/7: Score: 91.62
  Run 4/7: Score: 91.62
  Run 2/7: Score: 91.53
  Run 5/7: Score: 92.47
  Best across runs: 92.47/100
  Time: 9.60s
Phase 3: Local Search
  Initial score: 92.47, Groupings: 7, Groups of 3: 0
  Converged after 0 iterations (0 improvements)
  Final score: 92.47/100, Final groupings: 7, Final groups of 3: 0
  Time: 0.03s
  Restart 3 result: 92.47/100

============================================================
FINAL RESULT: 92.88/100 (in 28.34s, 3 restarts)
============================================================
3 benzersiz root adayi test edilecek. En iyi batch skoru: 92.88/100

Root adayi 1/3 deneniyor (Restart 2, Skor: 92.88/100)

Zone 2 (44 ply) - Zone 1'den drop-off yapýlýyor...
Zone 2 skor: 96.97/100

Zone 3 (34 ply) - Zone 2'den drop-off yapýlýyor...
Zone 3 skor: 85.84/100

Zone 4 (32 ply) - Zone 3'den drop-off yapýlýyor...
Zone 4 skor: 87.17/100

Zone 5 (28 ply) - Zone 4'den drop-off yapýlýyor...
Zone 5 skor: 86.87/100

Zone 6 (22 ply) - Zone 5'den drop-off yapýlýyor...
Zone 6 skor: 96.49/100

============================================================
MULTI-ZONE OPTIMIZATION TAMAMLANDI
============================================================
Toplam ađýrlýk: 63.88 g
  Zone 1: 15.67 g
  Zone 2: 13.26 g
  Zone 3: 10.25 g
  Zone 4: 9.64 g
  Zone 5: 8.44 g
  Zone 6: 6.63 g
Tum ramp kisitlari karsilaniyor.
============================================================
MULTI-ZONE OPTIMIZATION
============================================================
Zone sayýsý: 6
Root zone: Zone 1 (40 ply)
Sýralama: ['Zone 1 (40 ply)', 'Zone 2 (36 ply)', 'Zone 3 (34 ply)', 'Zone 4 (28 ply)', 'Zone 5 (24 ply)', 'Zone 6 (22 ply)']

BFS drop-off sirasi: ['Zone 2', 'Zone 3', 'Zone 4', 'Zone 5', 'Zone 6']
Kaynak haritasi: {Zone 2 <- Zone 1, Zone 3 <- Zone 2, Zone 4 <- Zone 3, Zone 5 <- Zone 4, Zone 6 <- Zone 5}

--- Root Batch 1/4 ---

Root Zone (Zone 1) adaylari uretiliyor...
============================================================
3-PHASE HYBRID OPTIMIZATION (MULTI-RESTART)
============================================================

--- Restart 1/3 ---

Phase 1: Smart Skeleton Construction
  Score: 87.72/100
Phase 2: Multi-Start GA
  Skeleton score: 87.72/100
  Running 5 GA runs in parallel (using 5 threads)
  Run 1/5: Score: 90.14
  Run 2/5: Score: 90.14
  Run 4/5: Score: 90.14
  Run 3/5: Score: 90.14
  Run 5/5: Score: 90.14
  Best across runs: 90.14/100
  Time: 3.16s
Phase 3: Local Search
  Initial score: 90.14, Groupings: 11, Groups of 3: 0
  Converged after 0 iterations (0 improvements)
  Final score: 90.14/100, Final groupings: 11, Final groups of 3: 0
  Time: 0.01s
  Restart 1 result: 90.14/100

--- Restart 2/3 ---

Phase 1: Smart Skeleton Construction
  Score: 81.86/100
Phase 2: Multi-Start GA
  Skeleton score: 81.86/100
  Running 5 GA runs in parallel (using 5 threads)
  Run 1/5: Score: 83.04
  Run 3/5: Score: 83.04
  Run 5/5: Score: 83.04
  Run 4/5: Score: 83.04
  Run 2/5: Score: 84.69
  Best across runs: 84.69/100
  Time: 3.32s
Phase 3: Local Search
  Initial score: 84.69, Groupings: 11, Groups of 3: 2
  Converged after 0 iterations (0 improvements)
  Final score: 84.69/100, Final groupings: 11, Final groups of 3: 2
  Time: 0.01s
  Restart 2 result: 84.69/100

--- Restart 3/3 ---

Phase 1: Smart Skeleton Construction
  Score: 73.74/100
Phase 2: Multi-Start GA
  Skeleton score: 73.74/100
  Running 5 GA runs in parallel (using 5 threads)
  Run 1/5: Score: 85.17
  Run 3/5: Score: 89.57
  Run 4/5: Score: 85.17
  Run 5/5: Score: 85.36
  Run 2/5: Score: 85.36
  Best across runs: 89.57/100
  Time: 3.11s
Phase 3: Local Search
  Initial score: 89.57, Groupings: 11, Groups of 3: 0
  Converged after 0 iterations (0 improvements)
  Final score: 89.57/100, Final groupings: 11, Final groups of 3: 0
  Time: 0.02s
  Restart 3 result: 89.57/100

============================================================
FINAL RESULT: 90.14/100 (in 9.64s, 3 restarts)
============================================================
3 benzersiz root adayi test edilecek. En iyi batch skoru: 90.14/100

Root adayi 1/3 deneniyor (Restart 1, Skor: 90.14/100)

Zone 2 (36 ply) - Zone 1'den drop-off yapýlýyor...
Zone 2 skor: 92.47/100

Zone 3 (34 ply) - Zone 2'den drop-off yapýlýyor...
Zone 3 skor: 93.45/100

Zone 4 (28 ply) - Zone 3'den drop-off yapýlýyor...
Zone 4 skor: 89.67/100

Zone 5 (24 ply) - Zone 4'den drop-off yapýlýyor...
Zone 5 skor: 92.67/100

Zone 6 (22 ply) - Zone 5'den drop-off yapýlýyor...
Zone 6 skor: 94.50/100

============================================================
MULTI-ZONE OPTIMIZATION TAMAMLANDI
============================================================
Toplam ađýrlýk: 44.50 g
  Zone 1: 9.67 g
  Zone 2: 8.71 g
  Zone 3: 8.22 g
  Zone 4: 6.77 g
  Zone 5: 5.80 g
  Zone 6: 5.32 g
Tum ramp kisitlari karsilaniyor.
============================================================
MULTI-ZONE OPTIMIZATION
============================================================
Zone sayýsý: 6
Root zone: Zone 1 (40 ply)
Sýralama: ['Zone 1 (40 ply)', 'Zone 2 (36 ply)', 'Zone 3 (34 ply)', 'Zone 4 (28 ply)', 'Zone 5 (24 ply)', 'Zone 6 (22 ply)']

BFS drop-off sirasi: ['Zone 2', 'Zone 3', 'Zone 4', 'Zone 5', 'Zone 6']
Kaynak haritasi: {Zone 2 <- Zone 1, Zone 3 <- Zone 2, Zone 4 <- Zone 3, Zone 5 <- Zone 4, Zone 6 <- Zone 5}

--- Root Batch 1/4 ---

Root Zone (Zone 1) adaylari uretiliyor...
============================================================
3-PHASE HYBRID OPTIMIZATION (MULTI-RESTART)
============================================================

--- Restart 1/3 ---

Phase 1: Smart Skeleton Construction
  Score: 80.03/100
Phase 2: Multi-Start GA
  Skeleton score: 80.03/100
  Running 5 GA runs in parallel (using 5 threads)
  Run 2/5: Score: 85.61
  Run 1/5: Score: 85.50
  Run 5/5: Score: 85.61
  Run 4/5: Score: 85.61
  Run 3/5: Score: 85.61
  Best across runs: 85.61/100
  Time: 3.37s
Phase 3: Local Search
  Initial score: 85.61, Groupings: 11, Groups of 3: 2
  Converged after 0 iterations (0 improvements)
  Final score: 85.61/100, Final groupings: 11, Final groups of 3: 2
  Time: 0.01s
  Restart 1 result: 85.61/100

--- Restart 2/3 ---

Phase 1: Smart Skeleton Construction
  Score: 81.24/100
Phase 2: Multi-Start GA
  Skeleton score: 81.24/100
  Running 5 GA runs in parallel (using 5 threads)
  Run 1/5: Score: 84.88
  Run 5/5: Score: 85.40
  Run 3/5: Score: 84.96
  Run 4/5: Score: 85.40
  Run 2/5: Score: 85.14
  Best across runs: 85.40/100
  Time: 3.58s
Phase 3: Local Search
  Initial score: 85.40, Groupings: 11, Groups of 3: 2
  Converged after 0 iterations (0 improvements)
  Final score: 85.40/100, Final groupings: 11, Final groups of 3: 2
  Time: 0.01s
  Restart 2 result: 85.40/100

--- Restart 3/3 ---

Phase 1: Smart Skeleton Construction
  Score: 87.89/100
Phase 2: Multi-Start GA
  Skeleton score: 87.89/100
  Running 5 GA runs in parallel (using 5 threads)
  Run 2/5: Score: 89.60
  Run 1/5: Score: 89.60
  Run 4/5: Score: 89.60
  Run 3/5: Score: 89.60
  Run 5/5: Score: 89.60
  Best across runs: 89.60/100
  Time: 2.96s
Phase 3: Local Search
  Initial score: 89.60, Groupings: 11, Groups of 3: 0
  Converged after 0 iterations (0 improvements)
  Final score: 89.60/100, Final groupings: 11, Final groups of 3: 0
  Time: 0.01s
  Restart 3 result: 89.60/100

============================================================
FINAL RESULT: 89.60/100 (in 9.95s, 3 restarts)
============================================================
3 benzersiz root adayi test edilecek. En iyi batch skoru: 89.60/100

Root adayi 1/3 deneniyor (Restart 3, Skor: 89.60/100)

Zone 2 (36 ply) - Zone 1'den drop-off yapýlýyor...
Zone 2 skor: 91.81/100

Zone 3 (34 ply) - Zone 2'den drop-off yapýlýyor...
Zone 3 skor: 93.02/100

Zone 4 (28 ply) - Zone 3'den drop-off yapýlýyor...
Zone 4 skor: 87.90/100

Zone 5 (24 ply) - Zone 4'den drop-off yapýlýyor...
Zone 5 skor: 91.45/100

Zone 6 (22 ply) - Zone 5'den drop-off yapýlýyor...
Zone 6 skor: 93.68/100

============================================================
MULTI-ZONE OPTIMIZATION TAMAMLANDI
============================================================
Toplam ađýrlýk: 44.13 g
  Zone 1: 9.60 g
  Zone 2: 8.63 g
  Zone 3: 8.15 g
  Zone 4: 6.72 g
  Zone 5: 5.76 g
  Zone 6: 5.28 g
Tum ramp kisitlari karsilaniyor.
============================================================
MULTI-ZONE OPTIMIZATION
============================================================
Zone sayýsý: 5
Root zone: Zone 1 (36 ply)
Sýralama: ['Zone 1 (36 ply)', 'Zone 2 (32 ply)', 'Zone 3 (30 ply)', 'Zone 4 (24 ply)', 'Zone 5 (20 ply)']

BFS drop-off sirasi: ['Zone 2', 'Zone 3', 'Zone 4', 'Zone 5']
Kaynak haritasi: {Zone 2 <- Zone 1, Zone 3 <- Zone 2, Zone 4 <- Zone 3, Zone 5 <- Zone 4}

--- Root Batch 1/4 ---

Root Zone (Zone 1) adaylari uretiliyor...
============================================================
3-PHASE HYBRID OPTIMIZATION (MULTI-RESTART)
============================================================

--- Restart 1/3 ---

Phase 1: Smart Skeleton Construction
  Score: 93.22/100
Phase 2: Multi-Start GA
  Skeleton score: 93.22/100
  Running 5 GA runs in parallel (using 5 threads)
  Run 2/5: Score: 96.87
  Run 1/5: Score: 96.87
  Run 3/5: Score: 96.84
  Run 4/5: Score: 96.84
  Run 5/5: Score: 96.87
  Best across runs: 96.87/100
  Time: 2.46s
Phase 3: Local Search
  Initial score: 96.87, Groupings: 1, Groups of 3: 0
  Converged after 0 iterations (0 improvements)
  Final score: 96.87/100, Final groupings: 1, Final groups of 3: 0
  Time: 0.02s
  Restart 1 result: 96.87/100

--- Restart 2/3 ---

Phase 1: Smart Skeleton Construction
  Score: 88.05/100
Phase 2: Multi-Start GA
  Skeleton score: 88.05/100
  Running 5 GA runs in parallel (using 5 threads)
  Run 2/5: Score: 97.98
  Run 3/5: Score: 97.46
  Run 1/5: Score: 97.10
  Run 5/5: Score: 97.67
  Run 4/5: Score: 96.87
  Best across runs: 97.98/100
  Time: 2.50s
Phase 3: Local Search
  Initial score: 97.98, Groupings: 1, Groups of 3: 0
  Converged after 0 iterations (0 improvements)
  Final score: 97.98/100, Final groupings: 1, Final groups of 3: 0
  Time: 0.01s
  Restart 2 result: 97.98/100

--- Restart 3/3 ---

Phase 1: Smart Skeleton Construction
  Score: 92.74/100
Phase 2: Multi-Start GA
  Skeleton score: 92.74/100
  Running 5 GA runs in parallel (using 5 threads)
============================================================
MULTI-ZONE OPTIMIZATION
============================================================
Zone sayýsý: 5
Root zone: Zone 1 (36 ply)
Sýralama: ['Zone 1 (36 ply)', 'Zone 2 (34 ply)', 'Zone 3 (28 ply)', 'Zone 4 (24 ply)', 'Zone 5 (20 ply)']

BFS drop-off sirasi: ['Zone 2', 'Zone 3', 'Zone 4', 'Zone 5']
Kaynak haritasi: {Zone 2 <- Zone 1, Zone 3 <- Zone 2, Zone 4 <- Zone 3, Zone 5 <- Zone 4}

--- Root Batch 1/4 ---

Root Zone (Zone 1) adaylari uretiliyor...
============================================================
3-PHASE HYBRID OPTIMIZATION (MULTI-RESTART)
============================================================

--- Restart 1/3 ---

Phase 1: Smart Skeleton Construction
  Score: 90.75/100
Phase 2: Multi-Start GA
  Skeleton score: 90.75/100
  Running 5 GA runs in parallel (using 5 threads)
  Run 3/5: Score: 96.39
  Run 2/5: Score: 96.87
  Run 4/5: Score: 96.87
  Run 1/5: Score: 96.87
  Run 5/5: Score: 96.41
  Best across runs: 96.87/100
  Time: 5.13s
Phase 3: Local Search
  Initial score: 96.87, Groupings: 1, Groups of 3: 0
  Converged after 0 iterations (0 improvements)
  Final score: 96.87/100, Final groupings: 1, Final groups of 3: 0
  Time: 0.01s
  Restart 3 result: 96.87/100

============================================================
FINAL RESULT: 97.98/100 (in 10.14s, 3 restarts)
============================================================
3 benzersiz root adayi test edilecek. En iyi batch skoru: 97.98/100

Root adayi 1/3 deneniyor (Restart 2, Skor: 97.98/100)

Zone 2 (32 ply) - Zone 1'den drop-off yapýlýyor...
Zone 2 drop-off BAŢARISIZ: Hedef açý sayýlarýna uygun drop kombinasyonu bulunamadý

Root adayi 2/3 deneniyor (Restart 1, Skor: 96.87/100)

Zone 2 (32 ply) - Zone 1'den drop-off yapýlýyor...
Zone 2 skor: 95.17/100

Zone 3 (30 ply) - Zone 2'den drop-off yapýlýyor...
  Run 2/5: Score: 95.34
  Run 5/5: Score: 96.84
  Run 3/5: Score: 96.61
  Run 1/5: Score: 96.39
  Run 4/5: Score: 96.84
  Best across runs: 96.84/100
  Time: 4.73s
Phase 3: Local Search
  Initial score: 96.84, Groupings: 1, Groups of 3: 0
  Converged after 0 iterations (0 improvements)
  Final score: 96.84/100, Final groupings: 1, Final groups of 3: 0
  Time: 0.01s
  Restart 1 result: 96.84/100

--- Restart 2/3 ---

Phase 1: Smart Skeleton Construction
  Score: 93.09/100
Phase 2: Multi-Start GA
  Skeleton score: 93.09/100
  Running 5 GA runs in parallel (using 5 threads)
Zone 3 skor: 96.83/100

Zone 4 (24 ply) - Zone 3'den drop-off yapýlýyor...
Zone 4 skor: 86.97/100

Zone 5 (20 ply) - Zone 4'den drop-off yapýlýyor...
  Run 2/5: Score: 97.10
  Run 1/5: Score: 97.42
  Run 4/5: Score: 97.98
  Run 5/5: Score: 97.10
  Run 3/5: Score: 97.42
  Best across runs: 97.98/100
  Time: 3.13s
Phase 3: Local Search
  Initial score: 97.98, Groupings: 1, Groups of 3: 0
  Converged after 0 iterations (0 improvements)
  Final score: 97.98/100, Final groupings: 1, Final groups of 3: 0
  Time: 0.01s
  Restart 2 result: 97.98/100

--- Restart 3/3 ---

Phase 1: Smart Skeleton Construction
  Score: 92.65/100
Phase 2: Multi-Start GA
  Skeleton score: 92.65/100
  Running 5 GA runs in parallel (using 5 threads)
Zone 5 skor: 96.85/100

============================================================
MULTI-ZONE OPTIMIZATION TAMAMLANDI
============================================================
Toplam ađýrlýk: 49.05 g
  Zone 1: 12.44 g
  Zone 2: 11.05 g
  Zone 3: 10.36 g
  Zone 4: 8.29 g
  Zone 5: 6.91 g
Tum ramp kisitlari karsilaniyor.
  Run 3/5: Score: 96.87
  Run 1/5: Score: 96.84
  Run 2/5: Score: 96.87
  Run 4/5: Score: 96.87
  Run 5/5: Score: 96.87
  Best across runs: 96.87/100
  Time: 2.46s
Phase 3: Local Search
  Initial score: 96.87, Groupings: 1, Groups of 3: 0
  Converged after 0 iterations (0 improvements)
  Final score: 96.87/100, Final groupings: 1, Final groups of 3: 0
  Time: 0.01s
  Restart 3 result: 96.87/100

============================================================
FINAL RESULT: 97.98/100 (in 10.35s, 3 restarts)
============================================================
3 benzersiz root adayi test edilecek. En iyi batch skoru: 97.98/100

Root adayi 1/3 deneniyor (Restart 2, Skor: 97.98/100)

Zone 2 (34 ply) - Zone 1'den drop-off yapýlýyor...
Zone 2 skor: 97.74/100

Zone 3 (28 ply) - Zone 2'den drop-off yapýlýyor...
Zone 3 skor: 90.22/100

Zone 4 (24 ply) - Zone 3'den drop-off yapýlýyor...
Zone 4 drop-off BAŢARISIZ: Hedef açý sayýlarýna uygun drop kombinasyonu bulunamadý

Root adayi 2/3 deneniyor (Restart 3, Skor: 96.87/100)

Zone 2 (34 ply) - Zone 1'den drop-off yapýlýyor...
============================================================
MULTI-ZONE OPTIMIZATION
============================================================
Zone sayýsý: 6
Root zone: Zone 1 (40 ply)
Sýralama: ['Zone 1 (40 ply)', 'Zone 2 (36 ply)', 'Zone 3 (28 ply)', 'Zone 4 (24 ply)', 'Zone 5 (22 ply)', 'Zone 6 (16 ply)']

BFS drop-off sirasi: ['Zone 2', 'Zone 3', 'Zone 4', 'Zone 5', 'Zone 6']
Kaynak haritasi: {Zone 2 <- Zone 1, Zone 3 <- Zone 2, Zone 4 <- Zone 3, Zone 5 <- Zone 4, Zone 6 <- Zone 5}

--- Root Batch 1/4 ---

Root Zone (Zone 1) adaylari uretiliyor...
============================================================
3-PHASE HYBRID OPTIMIZATION (MULTI-RESTART)
============================================================

--- Restart 1/3 ---

Phase 1: Smart Skeleton Construction
  Score: 81.43/100
Phase 2: Multi-Start GA
  Skeleton score: 81.43/100
  Running 5 GA runs in parallel (using 5 threads)
Zone 2 skor: 96.83/100

Zone 3 (28 ply) - Zone 2'den drop-off yapýlýyor...
Zone 3 skor: 97.70/100

Zone 4 (24 ply) - Zone 3'den drop-off yapýlýyor...
Zone 4 drop-off BAŢARISIZ: Hedef açý sayýlarýna uygun drop kombinasyonu bulunamadý

Root adayi 3/3 deneniyor (Restart 1, Skor: 96.84/100)

Zone 2 (34 ply) - Zone 1'den drop-off yapýlýyor...
  Run 3/5: Score: 83.04
  Run 2/5: Score: 83.04
  Run 5/5: Score: 83.04
